<?xml version="1.0" encoding="UTF-8"?>
<robot generator="Robot 5.0.1 (Python 3.10.5 on darwin)" generated="20220630 13:15:05.416" rpa="false" schemaversion="3">
<suite id="s1" name="iOS Reminder Test" source="/Users/Jay/PycharmProjects/Workspace/iOS/Tests/iOS_Reminder_Test.robot">
<test id="s1-t1" name="User Adds a Reminder" line="31">
<kw name="BeforeTest" library="TestSetup" type="SETUP">
<kw name="Launch App" library="TestSetupHelper">
<arg>${APPIUM_PORT}</arg>
<arg>${DEVICE_UDID}</arg>
<arg>${DEVICE_NAME}</arg>
<arg>${PLATFORM_VERSION}</arg>
<kw name="Open Application" library="AppiumLibrary">
<arg>http://localhost:${APPIUM_PORT}/wd/hub</arg>
<arg>platformName=iOS</arg>
<arg>automationName=XCUITest</arg>
<arg>app=com.apple.reminders</arg>
<arg>platformVersion=${PLATFORM_VERSION}</arg>
<arg>deviceName=${DEVICE_NAME}</arg>
<arg>udid=${DEVICE_UDID}</arg>
<doc>Opens a new application to given Appium server.
Capabilities of appium server, Android and iOS,
Please check https://github.com/appium/appium/blob/master/docs/en/writing-running-appium/server-args.md
| *Option*            | *Man.* | *Description*     |
| remote_url          | Yes    | Appium server url |
| alias               | no     | alias             |</doc>
<status status="PASS" starttime="20220630 13:15:05.531" endtime="20220630 13:15:09.244"/>
</kw>
<status status="PASS" starttime="20220630 13:15:05.530" endtime="20220630 13:15:09.244"/>
</kw>
<status status="PASS" starttime="20220630 13:15:05.530" endtime="20220630 13:15:09.244"/>
</kw>
<kw name="Get Random String" library="Utility">
<var>${TEST_DATA_TITLE_TEXT}</var>
<arg>${STRING_LENGTH}</arg>
<msg timestamp="20220630 13:15:09.244" level="INFO">${TEST_DATA_TITLE_TEXT} = TEST_usobf</msg>
<status status="PASS" starttime="20220630 13:15:09.244" endtime="20220630 13:15:09.244"/>
</kw>
<kw name="Log To Console" library="BuiltIn">
<arg>${TEST_DATA_TITLE_TEXT}</arg>
<doc>Logs the given message to the console.</doc>
<status status="PASS" starttime="20220630 13:15:09.245" endtime="20220630 13:15:09.245"/>
</kw>
<kw name="LandingScreen.ElementsVisible" library="LandingScreen">
<kw name="Wait Until Element Is Visible" library="AppiumLibrary">
<arg>${MY_LISTS_TITLE}</arg>
<doc>Waits until element specified with `locator` is visible.</doc>
<status status="PASS" starttime="20220630 13:15:09.245" endtime="20220630 13:15:09.488"/>
</kw>
<kw name="Wait Until Element Is Visible" library="AppiumLibrary">
<arg>${REMINDERS_LABEL}</arg>
<doc>Waits until element specified with `locator` is visible.</doc>
<status status="PASS" starttime="20220630 13:15:09.488" endtime="20220630 13:15:09.699"/>
</kw>
<kw name="Wait Until Element Is Visible" library="AppiumLibrary">
<arg>${NEW_REMINDER_LABEL}</arg>
<doc>Waits until element specified with `locator` is visible.</doc>
<status status="PASS" starttime="20220630 13:15:09.700" endtime="20220630 13:15:09.908"/>
</kw>
<kw name="Wait Until Element Is Visible" library="AppiumLibrary">
<arg>${ADD_LIST_LABEL}</arg>
<doc>Waits until element specified with `locator` is visible.</doc>
<status status="PASS" starttime="20220630 13:15:09.909" endtime="20220630 13:15:10.009"/>
</kw>
<status status="PASS" starttime="20220630 13:15:09.245" endtime="20220630 13:15:10.009"/>
</kw>
<kw name="LandingScreen.ClickOnNewReminderIcon" library="LandingScreen">
<kw name="Wait Until Element Is Visible" library="AppiumLibrary">
<arg>${NEW_REMINDER_LABEL}</arg>
<doc>Waits until element specified with `locator` is visible.</doc>
<status status="PASS" starttime="20220630 13:15:10.009" endtime="20220630 13:15:10.260"/>
</kw>
<kw name="Click Element" library="AppiumLibrary">
<arg>${NEW_REMINDER_LABEL}</arg>
<doc>Click element identified by `locator`.</doc>
<msg timestamp="20220630 13:15:10.261" level="INFO">Clicking element 'xpath=(//*[@label='New Reminder'])[1]'.</msg>
<status status="PASS" starttime="20220630 13:15:10.260" endtime="20220630 13:15:11.463"/>
</kw>
<status status="PASS" starttime="20220630 13:15:10.009" endtime="20220630 13:15:11.463"/>
</kw>
<kw name="NewReminderScreen.ElementsVisible" library="NewReminderScreen">
<kw name="Wait Until Element Is Visible" library="AppiumLibrary">
<arg>${NEW_REMINDER_SCREEN_TITLE}</arg>
<doc>Waits until element specified with `locator` is visible.</doc>
<status status="PASS" starttime="20220630 13:15:11.464" endtime="20220630 13:15:12.359"/>
</kw>
<kw name="Wait Until Element Is Visible" library="AppiumLibrary">
<arg>${DETAILS_SECTION}</arg>
<doc>Waits until element specified with `locator` is visible.</doc>
<status status="PASS" starttime="20220630 13:15:12.359" endtime="20220630 13:15:13.147"/>
</kw>
<kw name="Wait Until Element Is Visible" library="AppiumLibrary">
<arg>${LIST_SECTION}</arg>
<doc>Waits until element specified with `locator` is visible.</doc>
<status status="PASS" starttime="20220630 13:15:13.147" endtime="20220630 13:15:13.914"/>
</kw>
<status status="PASS" starttime="20220630 13:15:11.463" endtime="20220630 13:15:13.914"/>
</kw>
<kw name="NewReminderScreen.TypeInTitleField" library="NewReminderScreen">
<arg>${TEST_DATA_TITLE_TEXT}</arg>
<kw name="Wait Until Page Contains Element" library="AppiumLibrary">
<arg>${TITLE_TEXT_INPUT}</arg>
<doc>Waits until element specified with `locator` appears on current page.</doc>
<status status="PASS" starttime="20220630 13:15:13.915" endtime="20220630 13:15:14.099"/>
</kw>
<kw name="Element Should Be Enabled" library="AppiumLibrary">
<arg>${TITLE_TEXT_INPUT}</arg>
<doc>Verifies that element identified with locator is enabled.</doc>
<msg timestamp="20220630 13:15:14.345" level="INFO">Element 'name=Quick Entry Title Field' is enabled .</msg>
<status status="PASS" starttime="20220630 13:15:14.100" endtime="20220630 13:15:14.345"/>
</kw>
<kw name="Input Text" library="AppiumLibrary">
<arg>${TITLE_TEXT_INPUT}</arg>
<arg>${SOME_TITLE_TEXT}</arg>
<doc>Types the given `text` into text field identified by `locator`.</doc>
<msg timestamp="20220630 13:15:14.347" level="INFO">Typing text 'TEST_usobf' into text field 'name=Quick Entry Title Field'</msg>
<status status="PASS" starttime="20220630 13:15:14.346" endtime="20220630 13:15:14.806"/>
</kw>
<status status="PASS" starttime="20220630 13:15:13.915" endtime="20220630 13:15:14.807"/>
</kw>
<kw name="NewReminderScreen.TypeInNotesField" library="NewReminderScreen">
<arg>${TEST_DATA_NOTES_TEXT}</arg>
<kw name="Wait Until Page Contains Element" library="AppiumLibrary">
<arg>${NOTES_TEXT_INPUT}</arg>
<doc>Waits until element specified with `locator` appears on current page.</doc>
<status status="PASS" starttime="20220630 13:15:14.808" endtime="20220630 13:15:15.056"/>
</kw>
<kw name="Element Should Be Enabled" library="AppiumLibrary">
<arg>${NOTES_TEXT_INPUT}</arg>
<doc>Verifies that element identified with locator is enabled.</doc>
<msg timestamp="20220630 13:15:15.363" level="INFO">Element 'name=Quick Entry Note Field' is enabled .</msg>
<status status="PASS" starttime="20220630 13:15:15.056" endtime="20220630 13:15:15.363"/>
</kw>
<kw name="Input Text" library="AppiumLibrary">
<arg>${NOTES_TEXT_INPUT}</arg>
<arg>${SOME_NOTES_TEXT}</arg>
<doc>Types the given `text` into text field identified by `locator`.</doc>
<msg timestamp="20220630 13:15:15.365" level="INFO">Typing text 'This is for Test Demo' into text field 'name=Quick Entry Note Field'</msg>
<status status="PASS" starttime="20220630 13:15:15.363" endtime="20220630 13:15:16.595"/>
</kw>
<status status="PASS" starttime="20220630 13:15:14.807" endtime="20220630 13:15:16.595"/>
</kw>
<kw name="NewReminderScreen.ClickOnAddButton" library="NewReminderScreen">
<kw name="Wait Until Element Is Visible" library="AppiumLibrary">
<arg>${ADD_BUTTON}</arg>
<doc>Waits until element specified with `locator` is visible.</doc>
<status status="PASS" starttime="20220630 13:15:16.596" endtime="20220630 13:15:17.474"/>
</kw>
<kw name="Click Element" library="AppiumLibrary">
<arg>${ADD_BUTTON}</arg>
<doc>Click element identified by `locator`.</doc>
<msg timestamp="20220630 13:15:17.476" level="INFO">Clicking element 'xpath=//XCUIElementTypeButton[@name="Add"]'.</msg>
<status status="PASS" starttime="20220630 13:15:17.474" endtime="20220630 13:15:18.431"/>
</kw>
<status status="PASS" starttime="20220630 13:15:16.595" endtime="20220630 13:15:18.431"/>
</kw>
<kw name="LandingScreen.VerifyReminderCount" library="LandingScreen">
<arg>${REMINDER_COUNT_AS_ONE}</arg>
<kw name="Wait Until Element Is Visible" library="AppiumLibrary">
<arg>${MY_LISTS_TITLE}</arg>
<doc>Waits until element specified with `locator` is visible.</doc>
<status status="PASS" starttime="20220630 13:15:18.433" endtime="20220630 13:15:19.181"/>
</kw>
<kw name="Wait Until Element Is Visible" library="AppiumLibrary">
<arg>${REMINDER_COUNT}</arg>
<doc>Waits until element specified with `locator` is visible.</doc>
<status status="PASS" starttime="20220630 13:15:19.181" endtime="20220630 13:15:19.430"/>
</kw>
<status status="PASS" starttime="20220630 13:15:18.432" endtime="20220630 13:15:19.430"/>
</kw>
<kw name="LandingScreen.TapOnReminder" library="LandingScreen">
<kw name="Wait Until Element Is Visible" library="AppiumLibrary">
<arg>${REMINDERS_LABEL}</arg>
<doc>Waits until element specified with `locator` is visible.</doc>
<status status="PASS" starttime="20220630 13:15:19.430" endtime="20220630 13:15:19.651"/>
</kw>
<kw name="Click Element" library="AppiumLibrary">
<arg>${REMINDERS_LABEL}</arg>
<doc>Click element identified by `locator`.</doc>
<msg timestamp="20220630 13:15:19.654" level="INFO">Clicking element 'xpath=//*[@label='Reminders']'.</msg>
<status status="PASS" starttime="20220630 13:15:19.652" endtime="20220630 13:15:20.066"/>
</kw>
<status status="PASS" starttime="20220630 13:15:19.430" endtime="20220630 13:15:20.066"/>
</kw>
<kw name="RemindersListScreen.ElementsVisible" library="RemindersListScreen">
<kw name="Wait Until Element Is Visible" library="AppiumLibrary">
<arg>${REMINDERS_SCREEN_TITLE}</arg>
<doc>Waits until element specified with `locator` is visible.</doc>
<status status="PASS" starttime="20220630 13:15:20.067" endtime="20220630 13:15:20.554"/>
</kw>
<kw name="Wait Until Element Is Visible" library="AppiumLibrary">
<arg>${RADIO_BUTTON}</arg>
<doc>Waits until element specified with `locator` is visible.</doc>
<status status="PASS" starttime="20220630 13:15:20.554" endtime="20220630 13:15:20.839"/>
</kw>
<kw name="Wait Until Element Is Visible" library="AppiumLibrary">
<arg>${TEST_TITLE}</arg>
<doc>Waits until element specified with `locator` is visible.</doc>
<status status="PASS" starttime="20220630 13:15:20.839" endtime="20220630 13:15:21.139"/>
</kw>
<kw name="Wait Until Element Is Visible" library="AppiumLibrary">
<arg>${TEST_NOTES}</arg>
<doc>Waits until element specified with `locator` is visible.</doc>
<status status="PASS" starttime="20220630 13:15:21.139" endtime="20220630 13:15:21.255"/>
</kw>
<status status="PASS" starttime="20220630 13:15:20.066" endtime="20220630 13:15:21.256"/>
</kw>
<kw name="RemindersListScreen.SelectTheItemFromTheList" library="RemindersListScreen">
<kw name="Wait Until Element Is Visible" library="AppiumLibrary">
<arg>${RADIO_BUTTON}</arg>
<doc>Waits until element specified with `locator` is visible.</doc>
<status status="PASS" starttime="20220630 13:15:21.256" endtime="20220630 13:15:21.538"/>
</kw>
<kw name="Click Element" library="AppiumLibrary">
<arg>${RADIO_BUTTON}</arg>
<doc>Click element identified by `locator`.</doc>
<msg timestamp="20220630 13:15:21.540" level="INFO">Clicking element 'xpath=(//XCUIElementTypeButton[@name="CompleteOff"])[1]'.</msg>
<status status="PASS" starttime="20220630 13:15:21.539" endtime="20220630 13:15:21.921"/>
</kw>
<status status="PASS" starttime="20220630 13:15:21.256" endtime="20220630 13:15:21.921"/>
</kw>
<kw name="RemindersListScreen.VerifyListIsEmpty" library="RemindersListScreen">
<kw name="Wait Until Element Is Visible" library="AppiumLibrary">
<arg>${EMPTY_LIST}</arg>
<doc>Waits until element specified with `locator` is visible.</doc>
<status status="PASS" starttime="20220630 13:15:21.922" endtime="20220630 13:15:24.095"/>
</kw>
<kw name="Wait Until Element Is Visible" library="AppiumLibrary">
<arg>${NO_REMINDERS_LABEL}</arg>
<doc>Waits until element specified with `locator` is visible.</doc>
<status status="PASS" starttime="20220630 13:15:24.095" endtime="20220630 13:15:24.256"/>
</kw>
<status status="PASS" starttime="20220630 13:15:21.922" endtime="20220630 13:15:24.256"/>
</kw>
<kw name="RemindersListScreen.TapOnListsLabel" library="RemindersListScreen">
<kw name="Wait Until Page Contains Element" library="AppiumLibrary">
<arg>${LISTS_LABEL}</arg>
<doc>Waits until element specified with `locator` appears on current page.</doc>
<status status="PASS" starttime="20220630 13:15:24.256" endtime="20220630 13:15:24.503"/>
</kw>
<kw name="Wait Until Element Is Visible" library="AppiumLibrary">
<arg>${LISTS_LABEL}</arg>
<doc>Waits until element specified with `locator` is visible.</doc>
<status status="PASS" starttime="20220630 13:15:24.503" endtime="20220630 13:15:24.760"/>
</kw>
<kw name="Click Element" library="AppiumLibrary">
<arg>${LISTS_LABEL}</arg>
<doc>Click element identified by `locator`.</doc>
<msg timestamp="20220630 13:15:24.761" level="INFO">Clicking element 'xpath=(//*[@label='Lists'])[1]'.</msg>
<status status="PASS" starttime="20220630 13:15:24.760" endtime="20220630 13:15:25.153"/>
</kw>
<status status="PASS" starttime="20220630 13:15:24.256" endtime="20220630 13:15:25.153"/>
</kw>
<kw name="LandingScreen.VerifyReminderCount" library="LandingScreen">
<arg>${REMINDER_COUNT_AS_ZERO}</arg>
<kw name="Wait Until Element Is Visible" library="AppiumLibrary">
<arg>${MY_LISTS_TITLE}</arg>
<doc>Waits until element specified with `locator` is visible.</doc>
<status status="PASS" starttime="20220630 13:15:25.154" endtime="20220630 13:15:25.635"/>
</kw>
<kw name="Wait Until Element Is Visible" library="AppiumLibrary">
<arg>${REMINDER_COUNT}</arg>
<doc>Waits until element specified with `locator` is visible.</doc>
<status status="PASS" starttime="20220630 13:15:25.635" endtime="20220630 13:15:25.919"/>
</kw>
<status status="PASS" starttime="20220630 13:15:25.153" endtime="20220630 13:15:25.919"/>
</kw>
<kw name="AfterTest" library="TestSetup" type="TEARDOWN">
<kw name="Close App" library="TestSetupHelper">
<kw name="Close Application" library="AppiumLibrary">
<doc>Closes the current application and also close webdriver session.</doc>
<status status="PASS" starttime="20220630 13:15:25.920" endtime="20220630 13:15:26.971"/>
</kw>
<status status="PASS" starttime="20220630 13:15:25.919" endtime="20220630 13:15:26.971"/>
</kw>
<status status="PASS" starttime="20220630 13:15:25.919" endtime="20220630 13:15:26.971"/>
</kw>
<status status="PASS" starttime="20220630 13:15:05.530" endtime="20220630 13:15:26.971"/>
</test>
<doc>User logs in to the Reminders app and creates a new reminder</doc>
<status status="PASS" starttime="20220630 13:15:05.418" endtime="20220630 13:15:26.972"/>
</suite>
<statistics>
<total>
<stat pass="1" fail="0" skip="0">All Tests</stat>
</total>
<tag>
</tag>
<suite>
<stat pass="1" fail="0" skip="0" id="s1" name="iOS Reminder Test">iOS Reminder Test</stat>
</suite>
</statistics>
<errors>
</errors>
</robot>
